D:\USERS\10178\DOCUMENTS\VISUAL STUDIO 2012\PROJECTS\CREATEREMOTETHREADINSERT\CREATEREMOTETHREADINSERT\DEBUG\CREATEREMOTETHREADINSERT.PCH
D:\USERS\10178\DOCUMENTS\VISUAL STUDIO 2012\PROJECTS\CREATEREMOTETHREADINSERT\CREATEREMOTETHREADINSERT\DEBUG\STDAFX.OBJ
D:\USERS\10178\DOCUMENTS\VISUAL STUDIO 2012\PROJECTS\CREATEREMOTETHREADINSERT\CREATEREMOTETHREADINSERT\DEBUG\VC110.PDB
D:\USERS\10178\DOCUMENTS\VISUAL STUDIO 2012\PROJECTS\CREATEREMOTETHREADINSERT\CREATEREMOTETHREADINSERT\DEBUG\CREATEREMOTETHREADINSERT.OBJ
D:\USERS\10178\DOCUMENTS\VISUAL STUDIO 2012\PROJECTS\CREATEREMOTETHREADINSERT\CREATEREMOTETHREADINSERT\DEBUG\CREATEREMOTETHREADINSERTDLG.OBJ
D:\USERS\10178\DOCUMENTS\VISUAL STUDIO 2012\PROJECTS\CREATEREMOTETHREADINSERT\CREATEREMOTETHREADINSERT\DEBUG\THREADINSERT.OBJ
D:\USERS\10178\DOCUMENTS\VISUAL STUDIO 2012\PROJECTS\CREATEREMOTETHREADINSERT\DEBUG\CREATEREMOTETHREADINSERT.ILK
D:\USERS\10178\DOCUMENTS\VISUAL STUDIO 2012\PROJECTS\CREATEREMOTETHREADINSERT\DEBUG\CREATEREMOTETHREADINSERT.EXE
D:\USERS\10178\DOCUMENTS\VISUAL STUDIO 2012\PROJECTS\CREATEREMOTETHREADINSERT\DEBUG\CREATEREMOTETHREADINSERT.PDB
D:\USERS\10178\DOCUMENTS\VISUAL STUDIO 2012\PROJECTS\CREATEREMOTETHREADINSERT\CREATEREMOTETHREADINSERT\DEBUG\CREATEREMOTETHREADINSERT.RES
D:\Users\10178\documents\visual studio 2012\Projects\CreateRemoteThreadInsert\CreateRemoteThreadInsert\Debug\CreateRemoteThreadInsert.obj
D:\Users\10178\documents\visual studio 2012\Projects\CreateRemoteThreadInsert\CreateRemoteThreadInsert\Debug\CreateRemoteThreadInsertDlg.obj
D:\Users\10178\documents\visual studio 2012\Projects\CreateRemoteThreadInsert\CreateRemoteThreadInsert\Debug\stdafx.obj
D:\Users\10178\documents\visual studio 2012\Projects\CreateRemoteThreadInsert\CreateRemoteThreadInsert\Debug\ThreadInsert.obj
D:\Users\10178\documents\visual studio 2012\Projects\CreateRemoteThreadInsert\CreateRemoteThreadInsert\Debug\cl.command.1.tlog
D:\Users\10178\documents\visual studio 2012\Projects\CreateRemoteThreadInsert\CreateRemoteThreadInsert\Debug\CL.read.1.tlog
D:\Users\10178\documents\visual studio 2012\Projects\CreateRemoteThreadInsert\CreateRemoteThreadInsert\Debug\CL.write.1.tlog
D:\Users\10178\documents\visual studio 2012\Projects\CreateRemoteThreadInsert\CreateRemoteThreadInsert\Debug\link-cvtres.read.1.tlog
D:\Users\10178\documents\visual studio 2012\Projects\CreateRemoteThreadInsert\CreateRemoteThreadInsert\Debug\link-cvtres.write.1.tlog
D:\Users\10178\documents\visual studio 2012\Projects\CreateRemoteThreadInsert\CreateRemoteThreadInsert\Debug\link-mt.read.1.tlog
D:\Users\10178\documents\visual studio 2012\Projects\CreateRemoteThreadInsert\CreateRemoteThreadInsert\Debug\link-mt.write.1.tlog
D:\Users\10178\documents\visual studio 2012\Projects\CreateRemoteThreadInsert\CreateRemoteThreadInsert\Debug\link-rc.read.1.tlog
D:\Users\10178\documents\visual studio 2012\Projects\CreateRemoteThreadInsert\CreateRemoteThreadInsert\Debug\link-rc.write.1.tlog
D:\Users\10178\documents\visual studio 2012\Projects\CreateRemoteThreadInsert\CreateRemoteThreadInsert\Debug\link.command.1.tlog
D:\Users\10178\documents\visual studio 2012\Projects\CreateRemoteThreadInsert\CreateRemoteThreadInsert\Debug\link.read.1.tlog
D:\Users\10178\documents\visual studio 2012\Projects\CreateRemoteThreadInsert\CreateRemoteThreadInsert\Debug\link.write.1.tlog
D:\Users\10178\documents\visual studio 2012\Projects\CreateRemoteThreadInsert\CreateRemoteThreadInsert\Debug\rc.command.1.tlog
D:\Users\10178\documents\visual studio 2012\Projects\CreateRemoteThreadInsert\CreateRemoteThreadInsert\Debug\rc.read.1.tlog
D:\Users\10178\documents\visual studio 2012\Projects\CreateRemoteThreadInsert\CreateRemoteThreadInsert\Debug\rc.write.1.tlog
D:\Users\10178\documents\visual studio 2012\Projects\CreateRemoteThreadInsert\CreateRemoteThreadInsert\Debug\CreateRemoteThreadInsert.res
D:\Users\10178\documents\visual studio 2012\Projects\CreateRemoteThreadInsert\CreateRemoteThreadInsert\Debug\CreateRemoteThreadInsert.pch
D:\Users\10178\documents\visual studio 2012\Projects\CreateRemoteThreadInsert\CreateRemoteThreadInsert\Debug\vc110.idb
D:\Users\10178\documents\visual studio 2012\Projects\CreateRemoteThreadInsert\CreateRemoteThreadInsert\Debug\vc110.pdb
D:\Users\10178\documents\visual studio 2012\Projects\CreateRemoteThreadInsert\Debug\CreateRemoteThreadInsert.pdb
D:\Users\10178\documents\visual studio 2012\Projects\CreateRemoteThreadInsert\Debug\CreateRemoteThreadInsert.exe
D:\Users\10178\documents\visual studio 2012\Projects\CreateRemoteThreadInsert\Debug\CreateRemoteThreadInsert.ilk
