生成启动时间为 2019/10/22 18:51:24。
     1>项目“D:\Users\10178\documents\visual studio 2012\Projects\CreateRemoteThreadInsert\CreateRemoteThreadInsert\CreateRemoteThreadInsert.vcxproj”在节点 2 上(Rebuild 个目标)。
     1>ClCompile:
         C:\Program Files (x86)\Microsoft Visual Studio 11.0\VC\bin\CL.exe /c /ZI /nologo /W3 /WX- /Od /Oy- /D WIN32 /D _WINDOWS /D _DEBUG /D _UNICODE /D UNICODE /D _AFXDLL /Gm /EHsc /RTC1 /MDd /GS /fp:precise /Zc:wchar_t /Zc:forScope /Yc"stdafx.h" /Fp"Debug\CreateRemoteThreadInsert.pch" /Fo"Debug\\" /Fd"Debug\vc110.pdb" /Gd /TP /analyze- /errorReport:prompt stdafx.cpp
         stdafx.cpp
         C:\Program Files (x86)\Microsoft Visual Studio 11.0\VC\bin\CL.exe /c /ZI /nologo /W3 /WX- /Od /Oy- /D WIN32 /D _WINDOWS /D _DEBUG /D _UNICODE /D UNICODE /D _AFXDLL /Gm /EHsc /RTC1 /MDd /GS /fp:precise /Zc:wchar_t /Zc:forScope /Yu"stdafx.h" /Fp"Debug\CreateRemoteThreadInsert.pch" /Fo"Debug\\" /Fd"Debug\vc110.pdb" /Gd /TP /analyze- /errorReport:prompt CreateRemoteThreadInsert.cpp CreateRemoteThreadInsertDlg.cpp ThreadInsert.cpp
         ThreadInsert.cpp
         CreateRemoteThreadInsertDlg.cpp
     1>d:\users\10178\documents\visual studio 2012\projects\createremotethreadinsert\createremotethreadinsert\createremotethreadinsertdlg.cpp(95): warning C4101: “hwnd”: 未引用的局部变量
         CreateRemoteThreadInsert.cpp
         正在生成代码...
       ResourceCompile:
         C:\Program Files (x86)\Windows Kits\8.0\bin\x86\rc.exe /D _DEBUG /D _UNICODE /D UNICODE /D _AFXDLL /l"0x0804" /IDebug\ /nologo /fo"Debug\CreateRemoteThreadInsert.res" CreateRemoteThreadInsert.rc 
       Link:
         C:\Program Files (x86)\Microsoft Visual Studio 11.0\VC\bin\link.exe /ERRORREPORT:PROMPT /OUT:"D:\Users\10178\documents\visual studio 2012\Projects\CreateRemoteThreadInsert\Debug\CreateRemoteThreadInsert.exe" /INCREMENTAL /NOLOGO /MANIFEST /MANIFESTUAC:"level='requireAdministrator' uiAccess='false'" /manifest:embed /manifestinput:"C:\Program Files (x86)\Microsoft Visual Studio 11.0\VC\Include\Manifest\dpiaware.manifest" /DEBUG /PDB:"D:\Users\10178\documents\visual studio 2012\Projects\CreateRemoteThreadInsert\Debug\CreateRemoteThreadInsert.pdb" /SUBSYSTEM:WINDOWS /TLBID:1 /ENTRY:"wWinMainCRTStartup" /DYNAMICBASE /NXCOMPAT /IMPLIB:"D:\Users\10178\documents\visual studio 2012\Projects\CreateRemoteThreadInsert\Debug\CreateRemoteThreadInsert.lib" /MACHINE:X86 Debug\CreateRemoteThreadInsert.res
         Debug\CreateRemoteThreadInsert.obj
         Debug\CreateRemoteThreadInsertDlg.obj
         Debug\stdafx.obj
         Debug\ThreadInsert.obj
         CreateRemoteThreadInsert.vcxproj -> D:\Users\10178\documents\visual studio 2012\Projects\CreateRemoteThreadInsert\Debug\CreateRemoteThreadInsert.exe
     1>已完成生成项目“D:\Users\10178\documents\visual studio 2012\Projects\CreateRemoteThreadInsert\CreateRemoteThreadInsert\CreateRemoteThreadInsert.vcxproj”(Rebuild 个目标)的操作。

生成成功。

已用时间 00:00:05.48
