D:\USERS\10178\DOCUMENTS\VISUAL STUDIO 2012\PROJECTS\APCINJECT\APCINJECT\DEBUG\APCINJECT.PCH
D:\USERS\10178\DOCUMENTS\VISUAL STUDIO 2012\PROJECTS\APCINJECT\APCINJECT\DEBUG\STDAFX.OBJ
D:\USERS\10178\DOCUMENTS\VISUAL STUDIO 2012\PROJECTS\APCINJECT\APCINJECT\DEBUG\VC110.PDB
D:\USERS\10178\DOCUMENTS\VISUAL STUDIO 2012\PROJECTS\APCINJECT\APCINJECT\DEBUG\APCINJECT.OBJ
D:\USERS\10178\DOCUMENTS\VISUAL STUDIO 2012\PROJECTS\APCINJECT\APCINJECT\DEBUG\INJECT.OBJ
D:\USERS\10178\DOCUMENTS\VISUAL STUDIO 2012\PROJECTS\APCINJECT\APCINJECT\DEBUG\APCINJECTDLG.OBJ
D:\USERS\10178\DOCUMENTS\VISUAL STUDIO 2012\PROJECTS\APCINJECT\DEBUG\APCINJECT.ILK
D:\USERS\10178\DOCUMENTS\VISUAL STUDIO 2012\PROJECTS\APCINJECT\DEBUG\APCINJECT.EXE
D:\USERS\10178\DOCUMENTS\VISUAL STUDIO 2012\PROJECTS\APCINJECT\DEBUG\APCINJECT.PDB
D:\USERS\10178\DOCUMENTS\VISUAL STUDIO 2012\PROJECTS\APCINJECT\APCINJECT\DEBUG\APCINJECT.RES
D:\Users\10178\documents\visual studio 2012\Projects\APCInject\APCInject\Debug\APCInject.obj
D:\Users\10178\documents\visual studio 2012\Projects\APCInject\APCInject\Debug\APCInjectDlg.obj
D:\Users\10178\documents\visual studio 2012\Projects\APCInject\APCInject\Debug\Inject.obj
D:\Users\10178\documents\visual studio 2012\Projects\APCInject\APCInject\Debug\stdafx.obj
D:\Users\10178\documents\visual studio 2012\Projects\APCInject\APCInject\Debug\cl.command.1.tlog
D:\Users\10178\documents\visual studio 2012\Projects\APCInject\APCInject\Debug\CL.read.1.tlog
D:\Users\10178\documents\visual studio 2012\Projects\APCInject\APCInject\Debug\CL.write.1.tlog
D:\Users\10178\documents\visual studio 2012\Projects\APCInject\APCInject\Debug\link-cvtres.read.1.tlog
D:\Users\10178\documents\visual studio 2012\Projects\APCInject\APCInject\Debug\link-cvtres.write.1.tlog
D:\Users\10178\documents\visual studio 2012\Projects\APCInject\APCInject\Debug\link-mt.read.1.tlog
D:\Users\10178\documents\visual studio 2012\Projects\APCInject\APCInject\Debug\link-mt.write.1.tlog
D:\Users\10178\documents\visual studio 2012\Projects\APCInject\APCInject\Debug\link-rc.read.1.tlog
D:\Users\10178\documents\visual studio 2012\Projects\APCInject\APCInject\Debug\link-rc.write.1.tlog
D:\Users\10178\documents\visual studio 2012\Projects\APCInject\APCInject\Debug\link.13632-cvtres.read.1.tlog
D:\Users\10178\documents\visual studio 2012\Projects\APCInject\APCInject\Debug\link.13632-cvtres.write.1.tlog
D:\Users\10178\documents\visual studio 2012\Projects\APCInject\APCInject\Debug\link.13632-mt.read.1.tlog
D:\Users\10178\documents\visual studio 2012\Projects\APCInject\APCInject\Debug\link.13632-mt.write.1.tlog
D:\Users\10178\documents\visual studio 2012\Projects\APCInject\APCInject\Debug\link.13632-rc.read.1.tlog
D:\Users\10178\documents\visual studio 2012\Projects\APCInject\APCInject\Debug\link.13632-rc.write.1.tlog
D:\Users\10178\documents\visual studio 2012\Projects\APCInject\APCInject\Debug\link.13632.read.1.tlog
D:\Users\10178\documents\visual studio 2012\Projects\APCInject\APCInject\Debug\link.13632.write.1.tlog
D:\Users\10178\documents\visual studio 2012\Projects\APCInject\APCInject\Debug\link.command.1.tlog
D:\Users\10178\documents\visual studio 2012\Projects\APCInject\APCInject\Debug\link.read.1.tlog
D:\Users\10178\documents\visual studio 2012\Projects\APCInject\APCInject\Debug\link.write.1.tlog
D:\Users\10178\documents\visual studio 2012\Projects\APCInject\APCInject\Debug\rc.command.1.tlog
D:\Users\10178\documents\visual studio 2012\Projects\APCInject\APCInject\Debug\rc.read.1.tlog
D:\Users\10178\documents\visual studio 2012\Projects\APCInject\APCInject\Debug\rc.write.1.tlog
D:\Users\10178\documents\visual studio 2012\Projects\APCInject\APCInject\Debug\APCInject.res
D:\Users\10178\documents\visual studio 2012\Projects\APCInject\APCInject\Debug\APCInject.pch
D:\Users\10178\documents\visual studio 2012\Projects\APCInject\APCInject\Debug\vc110.idb
D:\Users\10178\documents\visual studio 2012\Projects\APCInject\APCInject\Debug\vc110.pdb
D:\Users\10178\documents\visual studio 2012\Projects\APCInject\Debug\APCInject.pdb
D:\Users\10178\documents\visual studio 2012\Projects\APCInject\Debug\APCInject.exe
D:\Users\10178\documents\visual studio 2012\Projects\APCInject\Debug\APCInject.ilk
