J:\PROJECT\IMEDLL\IMEDLL\RELEASE\IMEDLL.PCH
J:\PROJECT\IMEDLL\IMEDLL\RELEASE\STDAFX.OBJ
J:\PROJECT\IMEDLL\IMEDLL\RELEASE\VC110.PDB
J:\PROJECT\IMEDLL\IMEDLL\RELEASE\DLLMAIN.OBJ
J:\PROJECT\IMEDLL\IMEDLL\RELEASE\IMEDLL.OBJ
J:\PROJECT\IMEDLL\RELEASE\IMEDLL.IME
J:\PROJECT\IMEDLL\RELEASE\IMEDLL.PDB
J:\PROJECT\IMEDLL\IMEDLL\RELEASE\IMEDLL.RES
J:\Project\IMEDLL\IMEDLL\Release\dllmain.obj
J:\Project\IMEDLL\IMEDLL\Release\IMEDLL.obj
J:\Project\IMEDLL\IMEDLL\Release\stdafx.obj
J:\Project\IMEDLL\IMEDLL\Release\cl.command.1.tlog
J:\Project\IMEDLL\IMEDLL\Release\CL.read.1.tlog
J:\Project\IMEDLL\IMEDLL\Release\CL.write.1.tlog
J:\Project\IMEDLL\IMEDLL\Release\link-cvtres.read.1.tlog
J:\Project\IMEDLL\IMEDLL\Release\link-cvtres.write.1.tlog
J:\Project\IMEDLL\IMEDLL\Release\link-rc.read.1.tlog
J:\Project\IMEDLL\IMEDLL\Release\link-rc.write.1.tlog
J:\Project\IMEDLL\IMEDLL\Release\link.command.1.tlog
J:\Project\IMEDLL\IMEDLL\Release\link.read.1.tlog
J:\Project\IMEDLL\IMEDLL\Release\link.write.1.tlog
J:\Project\IMEDLL\IMEDLL\Release\rc.command.1.tlog
J:\Project\IMEDLL\IMEDLL\Release\rc.read.1.tlog
J:\Project\IMEDLL\IMEDLL\Release\rc.write.1.tlog
J:\Project\IMEDLL\IMEDLL\Release\IMEDLL.res
J:\Project\IMEDLL\IMEDLL\Release\IMEDLL.pch
J:\Project\IMEDLL\IMEDLL\Release\vc110.pdb
J:\Project\IMEDLL\Release\IMEDLL.pdb
J:\Project\IMEDLL\Release\IMEDLL.ime
