生成启动时间为 2019/10/29 16:18:55。
     1>项目“J:\Project\WindowsHook\WindowsHook\WindowsHook.vcxproj”在节点 2 上(Build 个目标)。
     1>ClCompile:
         C:\Program Files (x86)\Microsoft Visual Studio 11.0\VC\bin\CL.exe /c /Zi /nologo /W3 /WX- /O2 /Oi /Oy- /GL /D WIN32 /D _WINDOWS /D NDEBUG /D _UNICODE /D UNICODE /D _AFXDLL /Gm- /EHsc /MD /GS /Gy /fp:precise /Zc:wchar_t /Zc:forScope /Yc"stdafx.h" /Fp"Release\WindowsHook.pch" /Fo"Release\\" /Fd"Release\vc110.pdb" /Gd /TP /analyze- /errorReport:prompt stdafx.cpp
         stdafx.cpp
         C:\Program Files (x86)\Microsoft Visual Studio 11.0\VC\bin\CL.exe /c /Zi /nologo /W3 /WX- /O2 /Oi /Oy- /GL /D WIN32 /D _WINDOWS /D NDEBUG /D _UNICODE /D UNICODE /D _AFXDLL /Gm- /EHsc /MD /GS /Gy /fp:precise /Zc:wchar_t /Zc:forScope /Yu"stdafx.h" /Fp"Release\WindowsHook.pch" /Fo"Release\\" /Fd"Release\vc110.pdb" /Gd /TP /analyze- /errorReport:prompt WindowsHook.cpp WindowsHookDlg.cpp
         WindowsHook.cpp
         WindowsHookDlg.cpp
       ResourceCompile:
         C:\Program Files (x86)\Windows Kits\8.0\bin\x86\rc.exe /D NDEBUG /D _UNICODE /D UNICODE /D _AFXDLL /l"0x0804" /IRelease\ /nologo /fo"Release\WindowsHook.res" WindowsHook.rc 
       Link:
         C:\Program Files (x86)\Microsoft Visual Studio 11.0\VC\bin\link.exe /ERRORREPORT:PROMPT /OUT:"J:\Project\WindowsHook\Release\WindowsHook.exe" /INCREMENTAL:NO /NOLOGO /MANIFEST /MANIFESTUAC:"level='asInvoker' uiAccess='false'" /manifest:embed /manifestinput:"C:\Program Files (x86)\Microsoft Visual Studio 11.0\VC\Include\Manifest\dpiaware.manifest" /DEBUG /PDB:"J:\Project\WindowsHook\Release\WindowsHook.pdb" /SUBSYSTEM:WINDOWS /OPT:REF /OPT:ICF /LTCG /TLBID:1 /ENTRY:"wWinMainCRTStartup" /DYNAMICBASE /NXCOMPAT /IMPLIB:"J:\Project\WindowsHook\Release\WindowsHook.lib" /MACHINE:X86 /SAFESEH Release\WindowsHook.res
         Release\stdafx.obj
         Release\WindowsHook.obj
         Release\WindowsHookDlg.obj
         正在生成代码
         已完成代码的生成
         WindowsHook.vcxproj -> J:\Project\WindowsHook\Release\WindowsHook.exe
     1>已完成生成项目“J:\Project\WindowsHook\WindowsHook\WindowsHook.vcxproj”(Build 个目标)的操作。

生成成功。

已用时间 00:00:06.75
