J:\游戏外挂攻防书的附带代码\第二章\IMEINJECTCONTROL\INJECTDLL\DEBUG\INJECTDLL.PCH
J:\游戏外挂攻防书的附带代码\第二章\IMEINJECTCONTROL\INJECTDLL\DEBUG\STDAFX.OBJ
J:\游戏外挂攻防书的附带代码\第二章\IMEINJECTCONTROL\INJECTDLL\DEBUG\VC110.PDB
J:\游戏外挂攻防书的附带代码\第二章\IMEINJECTCONTROL\INJECTDLL\DEBUG\INJECTDLL.OBJ
J:\游戏外挂攻防书的附带代码\第二章\IMEINJECTCONTROL\INJECTDLL\DEBUG\INJECTDLL.ILK
J:\游戏外挂攻防书的附带代码\第二章\IMEINJECTCONTROL\INJECTDLL\DEBUG\INJECTDLL.DLL
J:\游戏外挂攻防书的附带代码\第二章\IMEINJECTCONTROL\INJECTDLL\DEBUG\INJECTDLL.PDB
J:\游戏外挂攻防书的附带代码\第二章\ImeInjectControl\InjectDll\Debug\InjectDll.obj
J:\游戏外挂攻防书的附带代码\第二章\ImeInjectControl\InjectDll\Debug\StdAfx.obj
J:\游戏外挂攻防书的附带代码\第二章\ImeInjectControl\InjectDll\Debug\InjectDll.ilk
J:\游戏外挂攻防书的附带代码\第二章\ImeInjectControl\InjectDll\Debug\cl.command.1.tlog
J:\游戏外挂攻防书的附带代码\第二章\ImeInjectControl\InjectDll\Debug\CL.read.1.tlog
J:\游戏外挂攻防书的附带代码\第二章\ImeInjectControl\InjectDll\Debug\CL.write.1.tlog
J:\游戏外挂攻防书的附带代码\第二章\ImeInjectControl\InjectDll\Debug\link-cvtres.read.1.tlog
J:\游戏外挂攻防书的附带代码\第二章\ImeInjectControl\InjectDll\Debug\link-cvtres.write.1.tlog
J:\游戏外挂攻防书的附带代码\第二章\ImeInjectControl\InjectDll\Debug\link-rc.read.1.tlog
J:\游戏外挂攻防书的附带代码\第二章\ImeInjectControl\InjectDll\Debug\link-rc.write.1.tlog
J:\游戏外挂攻防书的附带代码\第二章\ImeInjectControl\InjectDll\Debug\link.command.1.tlog
J:\游戏外挂攻防书的附带代码\第二章\ImeInjectControl\InjectDll\Debug\link.read.1.tlog
J:\游戏外挂攻防书的附带代码\第二章\ImeInjectControl\InjectDll\Debug\link.write.1.tlog
J:\游戏外挂攻防书的附带代码\第二章\ImeInjectControl\InjectDll\Debug\InjectDll.pch
J:\游戏外挂攻防书的附带代码\第二章\ImeInjectControl\InjectDll\Debug\vc110.idb
J:\游戏外挂攻防书的附带代码\第二章\ImeInjectControl\InjectDll\Debug\InjectDll.pdb
J:\游戏外挂攻防书的附带代码\第二章\ImeInjectControl\InjectDll\Debug\vc110.pdb
J:\游戏外挂攻防书的附带代码\第二章\ImeInjectControl\InjectDll\.\Debug\InjectDll.dll
